{"sessionId":"a47f25","runId":"pre-fix","hypothesisId":"H1","location":"DataStore.registrarMovimiento","message":"insert_historial_insumo","data":{"lote":"1","nombreInsumo":"a","accion":"Entrada","cantidad":1.0},"timestamp":1773325514506}
{"sessionId":"a47f25","runId":"pre-fix","hypothesisId":"H2","location":"DataStore.cargarHistorial","message":"row_from_db","data":{"fechaDb":"2026-03-12 14:25:14","lote":"1","nombreInsumo":"a","accion":"Entrada","cantidad":1.0},"timestamp":1773325514515}
{"sessionId":"a47f25","runId":"pre-fix","hypothesisId":"H1","location":"DataStore.registrarMovimiento","message":"insert_historial_insumo","data":{"lote":"2","nombreInsumo":"b","accion":"Entrada","cantidad":2.0},"timestamp":1773325737799}
{"sessionId":"a47f25","runId":"pre-fix","hypothesisId":"H2","location":"DataStore.cargarHistorial","message":"row_from_db","data":{"fechaDb":"2026-03-12 14:28:57","lote":"2","nombreInsumo":"b","accion":"Entrada","cantidad":2.0},"timestamp":1773325737803}
{"sessionId":"a47f25","runId":"pre-fix","hypothesisId":"H2","location":"DataStore.cargarHistorial","message":"row_from_db","data":{"fechaDb":"2026-03-12 14:25:14","lote":"1","nombreInsumo":"a","accion":"Entrada","cantidad":1.0},"timestamp":1773325737803}
{"sessionId":"a47f25","runId":"pre-fix","hypothesisId":"H1","location":"DataStore.registrarMovimiento","message":"insert_historial_insumo","data":{"lote":"3","nombreInsumo":"c","accion":"Entrada","cantidad":20.0},"timestamp":1773325858872}
{"sessionId":"a47f25","runId":"pre-fix","hypothesisId":"H2","location":"DataStore.cargarHistorial","message":"row_from_db","data":{"fechaDb":"2026-03-12 14:30:58","lote":"3","nombreInsumo":"c","accion":"Entrada","cantidad":20.0},"timestamp":1773325858875}
{"sessionId":"a47f25","runId":"pre-fix","hypothesisId":"H2","location":"DataStore.cargarHistorial","message":"row_from_db","data":{"fechaDb":"2026-03-12 14:28:57","lote":"2","nombreInsumo":"b","accion":"Entrada","cantidad":2.0},"timestamp":1773325858876}
{"sessionId":"a47f25","runId":"pre-fix","hypothesisId":"H2","location":"DataStore.cargarHistorial","message":"row_from_db","data":{"fechaDb":"2026-03-12 14:25:14","lote":"1","nombreInsumo":"a","accion":"Entrada","cantidad":1.0},"timestamp":1773325858876}
{"sessionId":"a47f25","runId":"pre-fix","hypothesisId":"H1","location":"DataStore.registrarMovimiento","message":"insert_historial_insumo","data":{"lote":"4","nombreInsumo":"d","accion":"Entrada","cantidad":20.0},"timestamp":1773325882059}
{"sessionId":"a47f25","runId":"pre-fix","hypothesisId":"H2","location":"DataStore.cargarHistorial","message":"row_from_db","data":{"fechaDb":"2026-03-12 14:31:22","lote":"4","nombreInsumo":"d","accion":"Entrada","cantidad":20.0},"timestamp":1773325882063}
{"sessionId":"a47f25","runId":"pre-fix","hypothesisId":"H2","location":"DataStore.cargarHistorial","message":"row_from_db","data":{"fechaDb":"2026-03-12 14:30:58","lote":"3","nombreInsumo":"c","accion":"Entrada","cantidad":20.0},"timestamp":1773325882063}
{"sessionId":"a47f25","runId":"pre-fix","hypothesisId":"H2","location":"DataStore.cargarHistorial","message":"row_from_db","data":{"fechaDb":"2026-03-12 14:28:57","lote":"2","nombreInsumo":"b","accion":"Entrada","cantidad":2.0},"timestamp":1773325882064}
{"sessionId":"a47f25","runId":"pre-fix","hypothesisId":"H2","location":"DataStore.cargarHistorial","message":"row_from_db","data":{"fechaDb":"2026-03-12 14:25:14","lote":"1","nombreInsumo":"a","accion":"Entrada","cantidad":1.0},"timestamp":1773325882064}
{"sessionId":"a47f25","runId":"pre-fix","hypothesisId":"H1","location":"DataStore.registrarMovimiento","message":"insert_historial_insumo","data":{"lote":"4","nombreInsumo":"d","accion":"Salida","cantidad":10.0},"timestamp":1773325996013}
{"sessionId":"a47f25","runId":"pre-fix","hypothesisId":"H2","location":"DataStore.cargarHistorial","message":"row_from_db","data":{"fechaDb":"2026-03-12 14:33:16","lote":"4","nombreInsumo":"d","accion":"Salida","cantidad":10.0},"timestamp":1773325996017}
{"sessionId":"a47f25","runId":"pre-fix","hypothesisId":"H2","location":"DataStore.cargarHistorial","message":"row_from_db","data":{"fechaDb":"2026-03-12 14:31:22","lote":"4","nombreInsumo":"d","accion":"Entrada","cantidad":20.0},"timestamp":1773325996017}
{"sessionId":"a47f25","runId":"pre-fix","hypothesisId":"H2","location":"DataStore.cargarHistorial","message":"row_from_db","data":{"fechaDb":"2026-03-12 14:30:58","lote":"3","nombreInsumo":"c","accion":"Entrada","cantidad":20.0},"timestamp":1773325996018}
{"sessionId":"a47f25","runId":"pre-fix","hypothesisId":"H2","location":"DataStore.cargarHistorial","message":"row_from_db","data":{"fechaDb":"2026-03-12 14:28:57","lote":"2","nombreInsumo":"b","accion":"Entrada","cantidad":2.0},"timestamp":1773325996018}
{"sessionId":"a47f25","runId":"pre-fix","hypothesisId":"H2","location":"DataStore.cargarHistorial","message":"row_from_db","data":{"fechaDb":"2026-03-12 14:25:14","lote":"1","nombreInsumo":"a","accion":"Entrada","cantidad":1.0},"timestamp":1773325996019}
{"sessionId":"a47f25","runId":"pre-fix","hypothesisId":"H1","location":"DataStore.registrarMovimiento","message":"insert_historial_insumo","data":{"lote":"3","nombreInsumo":"c","accion":"Salida","cantidad":20.0},"timestamp":1773326219076}
{"sessionId":"a47f25","runId":"pre-fix","hypothesisId":"H2","location":"DataStore.cargarHistorial","message":"row_from_db","data":{"fechaDb":"2026-03-12 14:36:59","lote":"3","nombreInsumo":"c","accion":"Salida","cantidad":20.0},"timestamp":1773326219078}
{"sessionId":"a47f25","runId":"pre-fix","hypothesisId":"H2","location":"DataStore.cargarHistorial","message":"row_from_db","data":{"fechaDb":"2026-03-12 14:33:16","lote":"4","nombreInsumo":"d","accion":"Salida","cantidad":10.0},"timestamp":1773326219078}
{"sessionId":"a47f25","runId":"pre-fix","hypothesisId":"H2","location":"DataStore.cargarHistorial","message":"row_from_db","data":{"fechaDb":"2026-03-12 14:31:22","lote":"4","nombreInsumo":"d","accion":"Entrada","cantidad":20.0},"timestamp":1773326219080}
{"sessionId":"a47f25","runId":"pre-fix","hypothesisId":"H2","location":"DataStore.cargarHistorial","message":"row_from_db","data":{"fechaDb":"2026-03-12 14:30:58","lote":"3","nombreInsumo":"c","accion":"Entrada","cantidad":20.0},"timestamp":1773326219080}
{"sessionId":"a47f25","runId":"pre-fix","hypothesisId":"H2","location":"DataStore.cargarHistorial","message":"row_from_db","data":{"fechaDb":"2026-03-12 14:28:57","lote":"2","nombreInsumo":"b","accion":"Entrada","cantidad":2.0},"timestamp":1773326219081}
{"sessionId":"a47f25","runId":"pre-fix","hypothesisId":"H2","location":"DataStore.cargarHistorial","message":"row_from_db","data":{"fechaDb":"2026-03-12 14:25:14","lote":"1","nombreInsumo":"a","accion":"Entrada","cantidad":1.0},"timestamp":1773326219081}
{"sessionId":"a47f25","runId":"pre-fix","hypothesisId":"H1","location":"DataStore.registrarMovimiento","message":"insert_historial_insumo","data":{"lote":"1","nombreInsumo":"a","accion":"Salida","cantidad":1.0},"timestamp":1773326265163}
{"sessionId":"a47f25","runId":"pre-fix","hypothesisId":"H2","location":"DataStore.cargarHistorial","message":"row_from_db","data":{"fechaDb":"2026-03-12 14:37:45","lote":"1","nombreInsumo":"a","accion":"Salida","cantidad":1.0},"timestamp":1773326265165}
{"sessionId":"a47f25","runId":"pre-fix","hypothesisId":"H2","location":"DataStore.cargarHistorial","message":"row_from_db","data":{"fechaDb":"2026-03-12 14:36:59","lote":"3","nombreInsumo":"c","accion":"Salida","cantidad":20.0},"timestamp":1773326265166}
{"sessionId":"a47f25","runId":"pre-fix","hypothesisId":"H2","location":"DataStore.cargarHistorial","message":"row_from_db","data":{"fechaDb":"2026-03-12 14:33:16","lote":"4","nombreInsumo":"d","accion":"Salida","cantidad":10.0},"timestamp":1773326265166}
{"sessionId":"a47f25","runId":"pre-fix","hypothesisId":"H2","location":"DataStore.cargarHistorial","message":"row_from_db","data":{"fechaDb":"2026-03-12 14:31:22","lote":"4","nombreInsumo":"d","accion":"Entrada","cantidad":20.0},"timestamp":1773326265166}
{"sessionId":"a47f25","runId":"pre-fix","hypothesisId":"H2","location":"DataStore.cargarHistorial","message":"row_from_db","data":{"fechaDb":"2026-03-12 14:30:58","lote":"3","nombreInsumo":"c","accion":"Entrada","cantidad":20.0},"timestamp":1773326265167}
{"sessionId":"a47f25","runId":"pre-fix","hypothesisId":"H2","location":"DataStore.cargarHistorial","message":"row_from_db","data":{"fechaDb":"2026-03-12 14:28:57","lote":"2","nombreInsumo":"b","accion":"Entrada","cantidad":2.0},"timestamp":1773326265167}
{"sessionId":"a47f25","runId":"pre-fix","hypothesisId":"H2","location":"DataStore.cargarHistorial","message":"row_from_db","data":{"fechaDb":"2026-03-12 14:25:14","lote":"1","nombreInsumo":"a","accion":"Entrada","cantidad":1.0},"timestamp":1773326265168}
{"sessionId":"a47f25","runId":"pre-fix","hypothesisId":"H2","location":"DataStore.cargarHistorial","message":"row_from_db","data":{"fechaDb":"2026-03-12 14:37:45","lote":"1","nombreInsumo":"a","accion":"Salida","cantidad":1.0},"timestamp":1773326550948}
{"sessionId":"a47f25","runId":"pre-fix","hypothesisId":"H2","location":"DataStore.cargarHistorial","message":"row_from_db","data":{"fechaDb":"2026-03-12 14:36:59","lote":"3","nombreInsumo":"c","accion":"Salida","cantidad":20.0},"timestamp":1773326550956}
{"sessionId":"a47f25","runId":"pre-fix","hypothesisId":"H2","location":"DataStore.cargarHistorial","message":"row_from_db","data":{"fechaDb":"2026-03-12 14:33:16","lote":"4","nombreInsumo":"d","accion":"Salida","cantidad":10.0},"timestamp":1773326550957}
{"sessionId":"a47f25","runId":"pre-fix","hypothesisId":"H2","location":"DataStore.cargarHistorial","message":"row_from_db","data":{"fechaDb":"2026-03-12 14:31:22","lote":"4","nombreInsumo":"d","accion":"Entrada","cantidad":20.0},"timestamp":1773326550957}
{"sessionId":"a47f25","runId":"pre-fix","hypothesisId":"H2","location":"DataStore.cargarHistorial","message":"row_from_db","data":{"fechaDb":"2026-03-12 14:30:58","lote":"3","nombreInsumo":"c","accion":"Entrada","cantidad":20.0},"timestamp":1773326550958}
{"sessionId":"a47f25","runId":"pre-fix","hypothesisId":"H2","location":"DataStore.cargarHistorial","message":"row_from_db","data":{"fechaDb":"2026-03-12 14:28:57","lote":"2","nombreInsumo":"b","accion":"Entrada","cantidad":2.0},"timestamp":1773326550958}
{"sessionId":"a47f25","runId":"pre-fix","hypothesisId":"H2","location":"DataStore.cargarHistorial","message":"row_from_db","data":{"fechaDb":"2026-03-12 14:25:14","lote":"1","nombreInsumo":"a","accion":"Entrada","cantidad":1.0},"timestamp":1773326550959}
{"sessionId":"a47f25","runId":"pre-fix","hypothesisId":"H2","location":"DataStore.cargarHistorial","message":"row_from_db","data":{"fechaDb":"2026-03-12 14:37:45","lote":"1","nombreInsumo":"a","accion":"Salida","cantidad":1.0},"timestamp":1773327773503}
{"sessionId":"a47f25","runId":"pre-fix","hypothesisId":"H2","location":"DataStore.cargarHistorial","message":"row_from_db","data":{"fechaDb":"2026-03-12 14:36:59","lote":"3","nombreInsumo":"c","accion":"Salida","cantidad":20.0},"timestamp":1773327773513}
{"sessionId":"a47f25","runId":"pre-fix","hypothesisId":"H2","location":"DataStore.cargarHistorial","message":"row_from_db","data":{"fechaDb":"2026-03-12 14:33:16","lote":"4","nombreInsumo":"d","accion":"Salida","cantidad":10.0},"timestamp":1773327773514}
{"sessionId":"a47f25","runId":"pre-fix","hypothesisId":"H2","location":"DataStore.cargarHistorial","message":"row_from_db","data":{"fechaDb":"2026-03-12 14:31:22","lote":"4","nombreInsumo":"d","accion":"Entrada","cantidad":20.0},"timestamp":1773327773514}
{"sessionId":"a47f25","runId":"pre-fix","hypothesisId":"H2","location":"DataStore.cargarHistorial","message":"row_from_db","data":{"fechaDb":"2026-03-12 14:30:58","lote":"3","nombreInsumo":"c","accion":"Entrada","cantidad":20.0},"timestamp":1773327773515}
{"sessionId":"a47f25","runId":"pre-fix","hypothesisId":"H2","location":"DataStore.cargarHistorial","message":"row_from_db","data":{"fechaDb":"2026-03-12 14:28:57","lote":"2","nombreInsumo":"b","accion":"Entrada","cantidad":2.0},"timestamp":1773327773515}
{"sessionId":"a47f25","runId":"pre-fix","hypothesisId":"H2","location":"DataStore.cargarHistorial","message":"row_from_db","data":{"fechaDb":"2026-03-12 14:25:14","lote":"1","nombreInsumo":"a","accion":"Entrada","cantidad":1.0},"timestamp":1773327773515}
{"sessionId":"a47f25","runId":"pre-fix","hypothesisId":"H2","location":"DataStore.cargarHistorial","message":"row_from_db","data":{"fechaDb":"2025-10-22 11:39:27","lote":"123","nombreInsumo":"c","accion":"Salida","cantidad":2.0},"timestamp":1773346082650}
{"sessionId":"a47f25","runId":"pre-fix","hypothesisId":"H2","location":"DataStore.cargarHistorial","message":"row_from_db","data":{"fechaDb":"2025-10-22 01:02:34","lote":"123","nombreInsumo":"c","accion":"Restauración","cantidad":1.0},"timestamp":1773346082653}
{"sessionId":"a47f25","runId":"pre-fix","hypothesisId":"H2","location":"DataStore.cargarHistorial","message":"row_from_db","data":{"fechaDb":"2025-10-22 01:01:59","lote":"123","nombreInsumo":"c","accion":"Salida","cantidad":1.0},"timestamp":1773346082654}
{"sessionId":"a47f25","runId":"pre-fix","hypothesisId":"H2","location":"DataStore.cargarHistorial","message":"row_from_db","data":{"fechaDb":"2025-10-21 23:02:58","lote":"123","nombreInsumo":"c","accion":"Entrada","cantidad":20.0},"timestamp":1773346082655}
{"sessionId":"a47f25","runId":"pre-fix","hypothesisId":"H2","location":"DataStore.cargarHistorial","message":"row_from_db","data":{"fechaDb":"2026-03-12 14:37:45","lote":"1","nombreInsumo":"a","accion":"Salida","cantidad":1.0},"timestamp":1773932136524}
{"sessionId":"a47f25","runId":"pre-fix","hypothesisId":"H2","location":"DataStore.cargarHistorial","message":"row_from_db","data":{"fechaDb":"2026-03-12 14:36:59","lote":"3","nombreInsumo":"c","accion":"Salida","cantidad":20.0},"timestamp":1773932136527}
{"sessionId":"a47f25","runId":"pre-fix","hypothesisId":"H2","location":"DataStore.cargarHistorial","message":"row_from_db","data":{"fechaDb":"2026-03-12 14:33:16","lote":"4","nombreInsumo":"d","accion":"Salida","cantidad":10.0},"timestamp":1773932136527}
{"sessionId":"a47f25","runId":"pre-fix","hypothesisId":"H2","location":"DataStore.cargarHistorial","message":"row_from_db","data":{"fechaDb":"2026-03-12 14:31:22","lote":"4","nombreInsumo":"d","accion":"Entrada","cantidad":20.0},"timestamp":1773932136527}
{"sessionId":"a47f25","runId":"pre-fix","hypothesisId":"H2","location":"DataStore.cargarHistorial","message":"row_from_db","data":{"fechaDb":"2026-03-12 14:30:58","lote":"3","nombreInsumo":"c","accion":"Entrada","cantidad":20.0},"timestamp":1773932136528}
{"sessionId":"a47f25","runId":"pre-fix","hypothesisId":"H2","location":"DataStore.cargarHistorial","message":"row_from_db","data":{"fechaDb":"2026-03-12 14:28:57","lote":"2","nombreInsumo":"b","accion":"Entrada","cantidad":2.0},"timestamp":1773932136528}
{"sessionId":"a47f25","runId":"pre-fix","hypothesisId":"H2","location":"DataStore.cargarHistorial","message":"row_from_db","data":{"fechaDb":"2026-03-12 14:25:14","lote":"1","nombreInsumo":"a","accion":"Entrada","cantidad":1.0},"timestamp":1773932136528}
{"sessionId":"a47f25","runId":"pre-fix","hypothesisId":"H2","location":"DataStore.cargarHistorial","message":"row_from_db","data":{"fechaDb":"2026-03-12 14:37:45","lote":"1","nombreInsumo":"a","accion":"Salida","cantidad":1.0},"timestamp":1773932157104}
{"sessionId":"a47f25","runId":"pre-fix","hypothesisId":"H2","location":"DataStore.cargarHistorial","message":"row_from_db","data":{"fechaDb":"2026-03-12 14:36:59","lote":"3","nombreInsumo":"c","accion":"Salida","cantidad":20.0},"timestamp":1773932157106}
{"sessionId":"a47f25","runId":"pre-fix","hypothesisId":"H2","location":"DataStore.cargarHistorial","message":"row_from_db","data":{"fechaDb":"2026-03-12 14:33:16","lote":"4","nombreInsumo":"d","accion":"Salida","cantidad":10.0},"timestamp":1773932157107}
{"sessionId":"a47f25","runId":"pre-fix","hypothesisId":"H2","location":"DataStore.cargarHistorial","message":"row_from_db","data":{"fechaDb":"2026-03-12 14:31:22","lote":"4","nombreInsumo":"d","accion":"Entrada","cantidad":20.0},"timestamp":1773932157107}
{"sessionId":"a47f25","runId":"pre-fix","hypothesisId":"H2","location":"DataStore.cargarHistorial","message":"row_from_db","data":{"fechaDb":"2026-03-12 14:30:58","lote":"3","nombreInsumo":"c","accion":"Entrada","cantidad":20.0},"timestamp":1773932157107}
{"sessionId":"a47f25","runId":"pre-fix","hypothesisId":"H2","location":"DataStore.cargarHistorial","message":"row_from_db","data":{"fechaDb":"2026-03-12 14:28:57","lote":"2","nombreInsumo":"b","accion":"Entrada","cantidad":2.0},"timestamp":1773932157108}
{"sessionId":"a47f25","runId":"pre-fix","hypothesisId":"H2","location":"DataStore.cargarHistorial","message":"row_from_db","data":{"fechaDb":"2026-03-12 14:25:14","lote":"1","nombreInsumo":"a","accion":"Entrada","cantidad":1.0},"timestamp":1773932157108}
{"sessionId":"a47f25","runId":"pre-fix","hypothesisId":"H2","location":"DataStore.cargarHistorial","message":"row_from_db","data":{"fechaDb":"2026-03-12 14:37:45","lote":"1","nombreInsumo":"a","accion":"Salida","cantidad":1.0},"timestamp":1773932243700}
{"sessionId":"a47f25","runId":"pre-fix","hypothesisId":"H2","location":"DataStore.cargarHistorial","message":"row_from_db","data":{"fechaDb":"2026-03-12 14:36:59","lote":"3","nombreInsumo":"c","accion":"Salida","cantidad":20.0},"timestamp":1773932243710}
{"sessionId":"a47f25","runId":"pre-fix","hypothesisId":"H2","location":"DataStore.cargarHistorial","message":"row_from_db","data":{"fechaDb":"2026-03-12 14:33:16","lote":"4","nombreInsumo":"d","accion":"Salida","cantidad":10.0},"timestamp":1773932243712}
{"sessionId":"a47f25","runId":"pre-fix","hypothesisId":"H2","location":"DataStore.cargarHistorial","message":"row_from_db","data":{"fechaDb":"2026-03-12 14:31:22","lote":"4","nombreInsumo":"d","accion":"Entrada","cantidad":20.0},"timestamp":1773932243714}
{"sessionId":"a47f25","runId":"pre-fix","hypothesisId":"H2","location":"DataStore.cargarHistorial","message":"row_from_db","data":{"fechaDb":"2026-03-12 14:30:58","lote":"3","nombreInsumo":"c","accion":"Entrada","cantidad":20.0},"timestamp":1773932243715}
{"sessionId":"a47f25","runId":"pre-fix","hypothesisId":"H2","location":"DataStore.cargarHistorial","message":"row_from_db","data":{"fechaDb":"2026-03-12 14:28:57","lote":"2","nombreInsumo":"b","accion":"Entrada","cantidad":2.0},"timestamp":1773932243716}
{"sessionId":"a47f25","runId":"pre-fix","hypothesisId":"H2","location":"DataStore.cargarHistorial","message":"row_from_db","data":{"fechaDb":"2026-03-12 14:25:14","lote":"1","nombreInsumo":"a","accion":"Entrada","cantidad":1.0},"timestamp":1773932243717}
{"sessionId":"a47f25","runId":"pre-fix","hypothesisId":"H2","location":"DataStore.cargarHistorial","message":"row_from_db","data":{"fechaDb":"2026-03-12 14:37:45","lote":"1","nombreInsumo":"a","accion":"Salida","cantidad":1.0},"timestamp":1773932841353}
{"sessionId":"a47f25","runId":"pre-fix","hypothesisId":"H2","location":"DataStore.cargarHistorial","message":"row_from_db","data":{"fechaDb":"2026-03-12 14:36:59","lote":"3","nombreInsumo":"c","accion":"Salida","cantidad":20.0},"timestamp":1773932841356}
{"sessionId":"a47f25","runId":"pre-fix","hypothesisId":"H2","location":"DataStore.cargarHistorial","message":"row_from_db","data":{"fechaDb":"2026-03-12 14:33:16","lote":"4","nombreInsumo":"d","accion":"Salida","cantidad":10.0},"timestamp":1773932841356}
{"sessionId":"a47f25","runId":"pre-fix","hypothesisId":"H2","location":"DataStore.cargarHistorial","message":"row_from_db","data":{"fechaDb":"2026-03-12 14:31:22","lote":"4","nombreInsumo":"d","accion":"Entrada","cantidad":20.0},"timestamp":1773932841357}
{"sessionId":"a47f25","runId":"pre-fix","hypothesisId":"H2","location":"DataStore.cargarHistorial","message":"row_from_db","data":{"fechaDb":"2026-03-12 14:30:58","lote":"3","nombreInsumo":"c","accion":"Entrada","cantidad":20.0},"timestamp":1773932841357}
{"sessionId":"a47f25","runId":"pre-fix","hypothesisId":"H2","location":"DataStore.cargarHistorial","message":"row_from_db","data":{"fechaDb":"2026-03-12 14:28:57","lote":"2","nombreInsumo":"b","accion":"Entrada","cantidad":2.0},"timestamp":1773932841357}
{"sessionId":"a47f25","runId":"pre-fix","hypothesisId":"H2","location":"DataStore.cargarHistorial","message":"row_from_db","data":{"fechaDb":"2026-03-12 14:25:14","lote":"1","nombreInsumo":"a","accion":"Entrada","cantidad":1.0},"timestamp":1773932841357}
{"sessionId":"a47f25","runId":"pre-fix","hypothesisId":"H2","location":"DataStore.cargarHistorial","message":"row_from_db","data":{"fechaDb":"2026-03-12 14:37:45","lote":"1","nombreInsumo":"a","accion":"Salida","cantidad":1.0},"timestamp":1773932845342}
{"sessionId":"a47f25","runId":"pre-fix","hypothesisId":"H2","location":"DataStore.cargarHistorial","message":"row_from_db","data":{"fechaDb":"2026-03-12 14:36:59","lote":"3","nombreInsumo":"c","accion":"Salida","cantidad":20.0},"timestamp":1773932845344}
{"sessionId":"a47f25","runId":"pre-fix","hypothesisId":"H2","location":"DataStore.cargarHistorial","message":"row_from_db","data":{"fechaDb":"2026-03-12 14:33:16","lote":"4","nombreInsumo":"d","accion":"Salida","cantidad":10.0},"timestamp":1773932845344}
{"sessionId":"a47f25","runId":"pre-fix","hypothesisId":"H2","location":"DataStore.cargarHistorial","message":"row_from_db","data":{"fechaDb":"2026-03-12 14:31:22","lote":"4","nombreInsumo":"d","accion":"Entrada","cantidad":20.0},"timestamp":1773932845345}
{"sessionId":"a47f25","runId":"pre-fix","hypothesisId":"H2","location":"DataStore.cargarHistorial","message":"row_from_db","data":{"fechaDb":"2026-03-12 14:30:58","lote":"3","nombreInsumo":"c","accion":"Entrada","cantidad":20.0},"timestamp":1773932845345}
{"sessionId":"a47f25","runId":"pre-fix","hypothesisId":"H2","location":"DataStore.cargarHistorial","message":"row_from_db","data":{"fechaDb":"2026-03-12 14:28:57","lote":"2","nombreInsumo":"b","accion":"Entrada","cantidad":2.0},"timestamp":1773932845345}
{"sessionId":"a47f25","runId":"pre-fix","hypothesisId":"H2","location":"DataStore.cargarHistorial","message":"row_from_db","data":{"fechaDb":"2026-03-12 14:25:14","lote":"1","nombreInsumo":"a","accion":"Entrada","cantidad":1.0},"timestamp":1773932845346}
{"sessionId":"a47f25","runId":"pre-fix","hypothesisId":"H2","location":"DataStore.cargarHistorial","message":"row_from_db","data":{"fechaDb":"2026-03-12 14:37:45","lote":"1","nombreInsumo":"a","accion":"Salida","cantidad":1.0},"timestamp":1773932848187}
{"sessionId":"a47f25","runId":"pre-fix","hypothesisId":"H2","location":"DataStore.cargarHistorial","message":"row_from_db","data":{"fechaDb":"2026-03-12 14:36:59","lote":"3","nombreInsumo":"c","accion":"Salida","cantidad":20.0},"timestamp":1773932848192}
{"sessionId":"a47f25","runId":"pre-fix","hypothesisId":"H2","location":"DataStore.cargarHistorial","message":"row_from_db","data":{"fechaDb":"2026-03-12 14:33:16","lote":"4","nombreInsumo":"d","accion":"Salida","cantidad":10.0},"timestamp":1773932848193}
{"sessionId":"a47f25","runId":"pre-fix","hypothesisId":"H2","location":"DataStore.cargarHistorial","message":"row_from_db","data":{"fechaDb":"2026-03-12 14:31:22","lote":"4","nombreInsumo":"d","accion":"Entrada","cantidad":20.0},"timestamp":1773932848194}
{"sessionId":"a47f25","runId":"pre-fix","hypothesisId":"H2","location":"DataStore.cargarHistorial","message":"row_from_db","data":{"fechaDb":"2026-03-12 14:30:58","lote":"3","nombreInsumo":"c","accion":"Entrada","cantidad":20.0},"timestamp":1773932848195}
{"sessionId":"a47f25","runId":"pre-fix","hypothesisId":"H2","location":"DataStore.cargarHistorial","message":"row_from_db","data":{"fechaDb":"2026-03-12 14:28:57","lote":"2","nombreInsumo":"b","accion":"Entrada","cantidad":2.0},"timestamp":1773932848196}
{"sessionId":"a47f25","runId":"pre-fix","hypothesisId":"H2","location":"DataStore.cargarHistorial","message":"row_from_db","data":{"fechaDb":"2026-03-12 14:25:14","lote":"1","nombreInsumo":"a","accion":"Entrada","cantidad":1.0},"timestamp":1773932848197}
{"sessionId":"a47f25","runId":"pre-fix","hypothesisId":"H2","location":"DataStore.cargarHistorial","message":"row_from_db","data":{"fechaDb":"2026-03-12 14:37:45","lote":"1","nombreInsumo":"a","accion":"Salida","cantidad":1.0},"timestamp":1773932850790}
{"sessionId":"a47f25","runId":"pre-fix","hypothesisId":"H2","location":"DataStore.cargarHistorial","message":"row_from_db","data":{"fechaDb":"2026-03-12 14:36:59","lote":"3","nombreInsumo":"c","accion":"Salida","cantidad":20.0},"timestamp":1773932850792}
{"sessionId":"a47f25","runId":"pre-fix","hypothesisId":"H2","location":"DataStore.cargarHistorial","message":"row_from_db","data":{"fechaDb":"2026-03-12 14:33:16","lote":"4","nombreInsumo":"d","accion":"Salida","cantidad":10.0},"timestamp":1773932850793}
{"sessionId":"a47f25","runId":"pre-fix","hypothesisId":"H2","location":"DataStore.cargarHistorial","message":"row_from_db","data":{"fechaDb":"2026-03-12 14:31:22","lote":"4","nombreInsumo":"d","accion":"Entrada","cantidad":20.0},"timestamp":1773932850794}
{"sessionId":"a47f25","runId":"pre-fix","hypothesisId":"H2","location":"DataStore.cargarHistorial","message":"row_from_db","data":{"fechaDb":"2026-03-12 14:30:58","lote":"3","nombreInsumo":"c","accion":"Entrada","cantidad":20.0},"timestamp":1773932850795}
{"sessionId":"a47f25","runId":"pre-fix","hypothesisId":"H2","location":"DataStore.cargarHistorial","message":"row_from_db","data":{"fechaDb":"2026-03-12 14:28:57","lote":"2","nombreInsumo":"b","accion":"Entrada","cantidad":2.0},"timestamp":1773932850795}
{"sessionId":"a47f25","runId":"pre-fix","hypothesisId":"H2","location":"DataStore.cargarHistorial","message":"row_from_db","data":{"fechaDb":"2026-03-12 14:25:14","lote":"1","nombreInsumo":"a","accion":"Entrada","cantidad":1.0},"timestamp":1773932850796}
{"sessionId":"a47f25","runId":"pre-fix","hypothesisId":"H2","location":"DataStore.cargarHistorial","message":"row_from_db","data":{"fechaDb":"2026-03-12 14:37:45","lote":"1","nombreInsumo":"a","accion":"Salida","cantidad":1.0},"timestamp":1773932854204}
{"sessionId":"a47f25","runId":"pre-fix","hypothesisId":"H2","location":"DataStore.cargarHistorial","message":"row_from_db","data":{"fechaDb":"2026-03-12 14:36:59","lote":"3","nombreInsumo":"c","accion":"Salida","cantidad":20.0},"timestamp":1773932854208}
{"sessionId":"a47f25","runId":"pre-fix","hypothesisId":"H2","location":"DataStore.cargarHistorial","message":"row_from_db","data":{"fechaDb":"2026-03-12 14:33:16","lote":"4","nombreInsumo":"d","accion":"Salida","cantidad":10.0},"timestamp":1773932854209}
{"sessionId":"a47f25","runId":"pre-fix","hypothesisId":"H2","location":"DataStore.cargarHistorial","message":"row_from_db","data":{"fechaDb":"2026-03-12 14:31:22","lote":"4","nombreInsumo":"d","accion":"Entrada","cantidad":20.0},"timestamp":1773932854209}
{"sessionId":"a47f25","runId":"pre-fix","hypothesisId":"H2","location":"DataStore.cargarHistorial","message":"row_from_db","data":{"fechaDb":"2026-03-12 14:30:58","lote":"3","nombreInsumo":"c","accion":"Entrada","cantidad":20.0},"timestamp":1773932854210}
{"sessionId":"a47f25","runId":"pre-fix","hypothesisId":"H2","location":"DataStore.cargarHistorial","message":"row_from_db","data":{"fechaDb":"2026-03-12 14:28:57","lote":"2","nombreInsumo":"b","accion":"Entrada","cantidad":2.0},"timestamp":1773932854211}
{"sessionId":"a47f25","runId":"pre-fix","hypothesisId":"H2","location":"DataStore.cargarHistorial","message":"row_from_db","data":{"fechaDb":"2026-03-12 14:25:14","lote":"1","nombreInsumo":"a","accion":"Entrada","cantidad":1.0},"timestamp":1773932854211}
{"sessionId":"a47f25","runId":"pre-fix","hypothesisId":"H2","location":"DataStore.cargarHistorial","message":"row_from_db","data":{"fechaDb":"2026-03-12 14:37:45","lote":"1","nombreInsumo":"a","accion":"Salida","cantidad":1.0},"timestamp":1773932880554}
{"sessionId":"a47f25","runId":"pre-fix","hypothesisId":"H2","location":"DataStore.cargarHistorial","message":"row_from_db","data":{"fechaDb":"2026-03-12 14:36:59","lote":"3","nombreInsumo":"c","accion":"Salida","cantidad":20.0},"timestamp":1773932880558}
{"sessionId":"a47f25","runId":"pre-fix","hypothesisId":"H2","location":"DataStore.cargarHistorial","message":"row_from_db","data":{"fechaDb":"2026-03-12 14:33:16","lote":"4","nombreInsumo":"d","accion":"Salida","cantidad":10.0},"timestamp":1773932880558}
{"sessionId":"a47f25","runId":"pre-fix","hypothesisId":"H2","location":"DataStore.cargarHistorial","message":"row_from_db","data":{"fechaDb":"2026-03-12 14:31:22","lote":"4","nombreInsumo":"d","accion":"Entrada","cantidad":20.0},"timestamp":1773932880560}
{"sessionId":"a47f25","runId":"pre-fix","hypothesisId":"H2","location":"DataStore.cargarHistorial","message":"row_from_db","data":{"fechaDb":"2026-03-12 14:30:58","lote":"3","nombreInsumo":"c","accion":"Entrada","cantidad":20.0},"timestamp":1773932880561}
{"sessionId":"a47f25","runId":"pre-fix","hypothesisId":"H2","location":"DataStore.cargarHistorial","message":"row_from_db","data":{"fechaDb":"2026-03-12 14:28:57","lote":"2","nombreInsumo":"b","accion":"Entrada","cantidad":2.0},"timestamp":1773932880561}
{"sessionId":"a47f25","runId":"pre-fix","hypothesisId":"H2","location":"DataStore.cargarHistorial","message":"row_from_db","data":{"fechaDb":"2026-03-12 14:25:14","lote":"1","nombreInsumo":"a","accion":"Entrada","cantidad":1.0},"timestamp":1773932880561}
{"sessionId":"a47f25","runId":"pre-fix","hypothesisId":"H2","location":"DataStore.cargarHistorial","message":"row_from_db","data":{"fechaDb":"2026-03-12 14:37:45","lote":"1","nombreInsumo":"a","accion":"Salida","cantidad":1.0},"timestamp":1773932892459}
{"sessionId":"a47f25","runId":"pre-fix","hypothesisId":"H2","location":"DataStore.cargarHistorial","message":"row_from_db","data":{"fechaDb":"2026-03-12 14:36:59","lote":"3","nombreInsumo":"c","accion":"Salida","cantidad":20.0},"timestamp":1773932892462}
{"sessionId":"a47f25","runId":"pre-fix","hypothesisId":"H2","location":"DataStore.cargarHistorial","message":"row_from_db","data":{"fechaDb":"2026-03-12 14:33:16","lote":"4","nombreInsumo":"d","accion":"Salida","cantidad":10.0},"timestamp":1773932892462}
{"sessionId":"a47f25","runId":"pre-fix","hypothesisId":"H2","location":"DataStore.cargarHistorial","message":"row_from_db","data":{"fechaDb":"2026-03-12 14:31:22","lote":"4","nombreInsumo":"d","accion":"Entrada","cantidad":20.0},"timestamp":1773932892462}
{"sessionId":"a47f25","runId":"pre-fix","hypothesisId":"H2","location":"DataStore.cargarHistorial","message":"row_from_db","data":{"fechaDb":"2026-03-12 14:30:58","lote":"3","nombreInsumo":"c","accion":"Entrada","cantidad":20.0},"timestamp":1773932892462}
{"sessionId":"a47f25","runId":"pre-fix","hypothesisId":"H2","location":"DataStore.cargarHistorial","message":"row_from_db","data":{"fechaDb":"2026-03-12 14:28:57","lote":"2","nombreInsumo":"b","accion":"Entrada","cantidad":2.0},"timestamp":1773932892463}
{"sessionId":"a47f25","runId":"pre-fix","hypothesisId":"H2","location":"DataStore.cargarHistorial","message":"row_from_db","data":{"fechaDb":"2026-03-12 14:25:14","lote":"1","nombreInsumo":"a","accion":"Entrada","cantidad":1.0},"timestamp":1773932892463}
{"sessionId":"a47f25","runId":"pre-fix","hypothesisId":"H2","location":"DataStore.cargarHistorial","message":"row_from_db","data":{"fechaDb":"2026-03-12 14:37:45","lote":"1","nombreInsumo":"a","accion":"Salida","cantidad":1.0},"timestamp":1773932897723}
{"sessionId":"a47f25","runId":"pre-fix","hypothesisId":"H2","location":"DataStore.cargarHistorial","message":"row_from_db","data":{"fechaDb":"2026-03-12 14:36:59","lote":"3","nombreInsumo":"c","accion":"Salida","cantidad":20.0},"timestamp":1773932897726}
{"sessionId":"a47f25","runId":"pre-fix","hypothesisId":"H2","location":"DataStore.cargarHistorial","message":"row_from_db","data":{"fechaDb":"2026-03-12 14:33:16","lote":"4","nombreInsumo":"d","accion":"Salida","cantidad":10.0},"timestamp":1773932897727}
{"sessionId":"a47f25","runId":"pre-fix","hypothesisId":"H2","location":"DataStore.cargarHistorial","message":"row_from_db","data":{"fechaDb":"2026-03-12 14:31:22","lote":"4","nombreInsumo":"d","accion":"Entrada","cantidad":20.0},"timestamp":1773932897728}
{"sessionId":"a47f25","runId":"pre-fix","hypothesisId":"H2","location":"DataStore.cargarHistorial","message":"row_from_db","data":{"fechaDb":"2026-03-12 14:30:58","lote":"3","nombreInsumo":"c","accion":"Entrada","cantidad":20.0},"timestamp":1773932897728}
{"sessionId":"a47f25","runId":"pre-fix","hypothesisId":"H2","location":"DataStore.cargarHistorial","message":"row_from_db","data":{"fechaDb":"2026-03-12 14:28:57","lote":"2","nombreInsumo":"b","accion":"Entrada","cantidad":2.0},"timestamp":1773932897729}
{"sessionId":"a47f25","runId":"pre-fix","hypothesisId":"H2","location":"DataStore.cargarHistorial","message":"row_from_db","data":{"fechaDb":"2026-03-12 14:25:14","lote":"1","nombreInsumo":"a","accion":"Entrada","cantidad":1.0},"timestamp":1773932897730}
{"sessionId":"a47f25","runId":"pre-fix","hypothesisId":"H2","location":"DataStore.cargarHistorial","message":"row_from_db","data":{"fechaDb":"2026-03-12 14:37:45","lote":"1","nombreInsumo":"a","accion":"Salida","cantidad":1.0},"timestamp":1773932900672}
{"sessionId":"a47f25","runId":"pre-fix","hypothesisId":"H2","location":"DataStore.cargarHistorial","message":"row_from_db","data":{"fechaDb":"2026-03-12 14:36:59","lote":"3","nombreInsumo":"c","accion":"Salida","cantidad":20.0},"timestamp":1773932900679}
{"sessionId":"a47f25","runId":"pre-fix","hypothesisId":"H2","location":"DataStore.cargarHistorial","message":"row_from_db","data":{"fechaDb":"2026-03-12 14:33:16","lote":"4","nombreInsumo":"d","accion":"Salida","cantidad":10.0},"timestamp":1773932900680}
{"sessionId":"a47f25","runId":"pre-fix","hypothesisId":"H2","location":"DataStore.cargarHistorial","message":"row_from_db","data":{"fechaDb":"2026-03-12 14:31:22","lote":"4","nombreInsumo":"d","accion":"Entrada","cantidad":20.0},"timestamp":1773932900680}
{"sessionId":"a47f25","runId":"pre-fix","hypothesisId":"H2","location":"DataStore.cargarHistorial","message":"row_from_db","data":{"fechaDb":"2026-03-12 14:30:58","lote":"3","nombreInsumo":"c","accion":"Entrada","cantidad":20.0},"timestamp":1773932900681}
{"sessionId":"a47f25","runId":"pre-fix","hypothesisId":"H2","location":"DataStore.cargarHistorial","message":"row_from_db","data":{"fechaDb":"2026-03-12 14:28:57","lote":"2","nombreInsumo":"b","accion":"Entrada","cantidad":2.0},"timestamp":1773932900681}
{"sessionId":"a47f25","runId":"pre-fix","hypothesisId":"H2","location":"DataStore.cargarHistorial","message":"row_from_db","data":{"fechaDb":"2026-03-12 14:25:14","lote":"1","nombreInsumo":"a","accion":"Entrada","cantidad":1.0},"timestamp":1773932900682}
{"sessionId":"a47f25","runId":"pre-fix","hypothesisId":"H2","location":"DataStore.cargarHistorial","message":"row_from_db","data":{"fechaDb":"2026-03-12 14:37:45","lote":"1","nombreInsumo":"a","accion":"Salida","cantidad":1.0},"timestamp":1773932907691}
{"sessionId":"a47f25","runId":"pre-fix","hypothesisId":"H2","location":"DataStore.cargarHistorial","message":"row_from_db","data":{"fechaDb":"2026-03-12 14:36:59","lote":"3","nombreInsumo":"c","accion":"Salida","cantidad":20.0},"timestamp":1773932907701}
{"sessionId":"a47f25","runId":"pre-fix","hypothesisId":"H2","location":"DataStore.cargarHistorial","message":"row_from_db","data":{"fechaDb":"2026-03-12 14:33:16","lote":"4","nombreInsumo":"d","accion":"Salida","cantidad":10.0},"timestamp":1773932907701}
{"sessionId":"a47f25","runId":"pre-fix","hypothesisId":"H2","location":"DataStore.cargarHistorial","message":"row_from_db","data":{"fechaDb":"2026-03-12 14:31:22","lote":"4","nombreInsumo":"d","accion":"Entrada","cantidad":20.0},"timestamp":1773932907702}
{"sessionId":"a47f25","runId":"pre-fix","hypothesisId":"H2","location":"DataStore.cargarHistorial","message":"row_from_db","data":{"fechaDb":"2026-03-12 14:30:58","lote":"3","nombreInsumo":"c","accion":"Entrada","cantidad":20.0},"timestamp":1773932907703}
{"sessionId":"a47f25","runId":"pre-fix","hypothesisId":"H2","location":"DataStore.cargarHistorial","message":"row_from_db","data":{"fechaDb":"2026-03-12 14:28:57","lote":"2","nombreInsumo":"b","accion":"Entrada","cantidad":2.0},"timestamp":1773932907704}
{"sessionId":"a47f25","runId":"pre-fix","hypothesisId":"H2","location":"DataStore.cargarHistorial","message":"row_from_db","data":{"fechaDb":"2026-03-12 14:25:14","lote":"1","nombreInsumo":"a","accion":"Entrada","cantidad":1.0},"timestamp":1773932907705}
{"sessionId":"a47f25","runId":"pre-fix","hypothesisId":"H2","location":"DataStore.cargarHistorial","message":"row_from_db","data":{"fechaDb":"2026-03-12 14:37:45","lote":"1","nombreInsumo":"a","accion":"Salida","cantidad":1.0},"timestamp":1773932930690}
{"sessionId":"a47f25","runId":"pre-fix","hypothesisId":"H2","location":"DataStore.cargarHistorial","message":"row_from_db","data":{"fechaDb":"2026-03-12 14:36:59","lote":"3","nombreInsumo":"c","accion":"Salida","cantidad":20.0},"timestamp":1773932930702}
{"sessionId":"a47f25","runId":"pre-fix","hypothesisId":"H2","location":"DataStore.cargarHistorial","message":"row_from_db","data":{"fechaDb":"2026-03-12 14:33:16","lote":"4","nombreInsumo":"d","accion":"Salida","cantidad":10.0},"timestamp":1773932930703}
{"sessionId":"a47f25","runId":"pre-fix","hypothesisId":"H2","location":"DataStore.cargarHistorial","message":"row_from_db","data":{"fechaDb":"2026-03-12 14:31:22","lote":"4","nombreInsumo":"d","accion":"Entrada","cantidad":20.0},"timestamp":1773932930704}
{"sessionId":"a47f25","runId":"pre-fix","hypothesisId":"H2","location":"DataStore.cargarHistorial","message":"row_from_db","data":{"fechaDb":"2026-03-12 14:30:58","lote":"3","nombreInsumo":"c","accion":"Entrada","cantidad":20.0},"timestamp":1773932930704}
{"sessionId":"a47f25","runId":"pre-fix","hypothesisId":"H2","location":"DataStore.cargarHistorial","message":"row_from_db","data":{"fechaDb":"2026-03-12 14:28:57","lote":"2","nombreInsumo":"b","accion":"Entrada","cantidad":2.0},"timestamp":1773932930705}
{"sessionId":"a47f25","runId":"pre-fix","hypothesisId":"H2","location":"DataStore.cargarHistorial","message":"row_from_db","data":{"fechaDb":"2026-03-12 14:25:14","lote":"1","nombreInsumo":"a","accion":"Entrada","cantidad":1.0},"timestamp":1773932930705}
{"sessionId":"a47f25","runId":"pre-fix","hypothesisId":"H2","location":"DataStore.cargarHistorial","message":"row_from_db","data":{"fechaDb":"2025-10-22 11:39:27","lote":"123","nombreInsumo":"c","accion":"Salida","cantidad":2.0},"timestamp":1773933273213}
{"sessionId":"a47f25","runId":"pre-fix","hypothesisId":"H2","location":"DataStore.cargarHistorial","message":"row_from_db","data":{"fechaDb":"2025-10-22 01:02:34","lote":"123","nombreInsumo":"c","accion":"Restauración","cantidad":1.0},"timestamp":1773933273217}
{"sessionId":"a47f25","runId":"pre-fix","hypothesisId":"H2","location":"DataStore.cargarHistorial","message":"row_from_db","data":{"fechaDb":"2025-10-22 01:01:59","lote":"123","nombreInsumo":"c","accion":"Salida","cantidad":1.0},"timestamp":1773933273219}
{"sessionId":"a47f25","runId":"pre-fix","hypothesisId":"H2","location":"DataStore.cargarHistorial","message":"row_from_db","data":{"fechaDb":"2025-10-21 23:02:58","lote":"123","nombreInsumo":"c","accion":"Entrada","cantidad":20.0},"timestamp":1773933273220}
{"sessionId":"a47f25","runId":"pre-fix","hypothesisId":"H2","location":"DataStore.cargarHistorial","message":"row_from_db","data":{"fechaDb":"2025-10-22 11:39:27","lote":"123","nombreInsumo":"c","accion":"Salida","cantidad":2.0},"timestamp":1773947983588}
{"sessionId":"a47f25","runId":"pre-fix","hypothesisId":"H2","location":"DataStore.cargarHistorial","message":"row_from_db","data":{"fechaDb":"2025-10-22 01:02:34","lote":"123","nombreInsumo":"c","accion":"Restauración","cantidad":1.0},"timestamp":1773947983598}
{"sessionId":"a47f25","runId":"pre-fix","hypothesisId":"H2","location":"DataStore.cargarHistorial","message":"row_from_db","data":{"fechaDb":"2025-10-22 01:01:59","lote":"123","nombreInsumo":"c","accion":"Salida","cantidad":1.0},"timestamp":1773947983599}
{"sessionId":"a47f25","runId":"pre-fix","hypothesisId":"H2","location":"DataStore.cargarHistorial","message":"row_from_db","data":{"fechaDb":"2025-10-21 23:02:58","lote":"123","nombreInsumo":"c","accion":"Entrada","cantidad":20.0},"timestamp":1773947983600}
